<?xml version="1.0" encoding="UTF-8"?>
<robot generator="Robot 3.2.2 (Python 3.9.1 on win32)" generated="20210213 18:51:21.078" rpa="false">
<suite id="s1" name="Login Form" source="c:\qaninja\robot\web\tests\login_form.robot">
<test id="s1-t1" name="Login com sucesso">
<kw name="Nova sessão" library="base" type="setup">
<kw name="Open Browser" library="SeleniumLibrary">
<doc>Opens a new browser instance to the optional ``url``.</doc>
<arguments>
<arg>${url}</arg>
<arg>chrome</arg>
</arguments>
<msg timestamp="20210213 18:51:22.578" level="INFO">Opening browser 'chrome' to base url 'http://training-wheels-protocol.herokuapp.com'.</msg>
<status status="PASS" starttime="20210213 18:51:22.577" endtime="20210213 18:52:09.784"></status>
</kw>
<kw name="Maximize Browser Window" library="SeleniumLibrary">
<doc>Maximizes current browser window.</doc>
<status status="PASS" starttime="20210213 18:52:09.785" endtime="20210213 18:52:10.218"></status>
</kw>
<status status="PASS" starttime="20210213 18:51:22.573" endtime="20210213 18:52:10.219"></status>
</kw>
<kw name="Go To" library="SeleniumLibrary">
<doc>Navigates the current browser window to the provided ``url``.</doc>
<arguments>
<arg>${url}/login</arg>
</arguments>
<msg timestamp="20210213 18:52:10.277" level="INFO">Opening url 'http://training-wheels-protocol.herokuapp.com/login'</msg>
<status status="PASS" starttime="20210213 18:52:10.274" endtime="20210213 18:52:19.571"></status>
</kw>
<kw name="Login With">
<arguments>
<arg>stark</arg>
<arg>jarvis!</arg>
</arguments>
<kw name="Input Text" library="SeleniumLibrary">
<doc>Types the given ``text`` into the text field identified by ``locator``.</doc>
<arguments>
<arg>css:input[name=username]</arg>
<arg>${uname}</arg>
</arguments>
<msg timestamp="20210213 18:52:19.577" level="INFO">Typing text 'stark' into text field 'css:input[name=username]'.</msg>
<status status="PASS" starttime="20210213 18:52:19.576" endtime="20210213 18:52:23.749"></status>
</kw>
<kw name="Input Text" library="SeleniumLibrary">
<doc>Types the given ``text`` into the text field identified by ``locator``.</doc>
<arguments>
<arg>css:input[name=password]</arg>
<arg>${pass}</arg>
</arguments>
<msg timestamp="20210213 18:52:23.750" level="INFO">Typing text 'jarvis!' into text field 'css:input[name=password]'.</msg>
<status status="PASS" starttime="20210213 18:52:23.749" endtime="20210213 18:52:27.811"></status>
</kw>
<kw name="Click Element" library="SeleniumLibrary">
<doc>Click the element identified by ``locator``.</doc>
<arguments>
<arg>class:btn-login</arg>
</arguments>
<msg timestamp="20210213 18:52:27.813" level="INFO">Clicking element 'class:btn-login'.</msg>
<status status="PASS" starttime="20210213 18:52:27.812" endtime="20210213 18:52:32.869"></status>
</kw>
<status status="PASS" starttime="20210213 18:52:19.574" endtime="20210213 18:52:32.869"></status>
</kw>
<kw name="Should See Logged User">
<arguments>
<arg>Tony Stark</arg>
</arguments>
<kw name="Page Should Contain" library="SeleniumLibrary">
<doc>Verifies that current page contains ``text``.</doc>
<arguments>
<arg>Olá, ${full_name}. Você acessou a área logada!</arg>
</arguments>
<msg timestamp="20210213 18:52:33.451" level="INFO">Current page contains text 'Olá, Tony Stark. Você acessou a área logada!'.</msg>
<status status="PASS" starttime="20210213 18:52:32.874" endtime="20210213 18:52:33.451"></status>
</kw>
<status status="PASS" starttime="20210213 18:52:32.872" endtime="20210213 18:52:33.451"></status>
</kw>
<kw name="Encerra sessão" library="base" type="teardown">
<kw name="Capture Page Screenshot" library="SeleniumLibrary">
<doc>Takes a screenshot of the current page and embeds it into a log file.</doc>
<msg timestamp="20210213 18:52:34.982" level="INFO" html="yes">&lt;/td&gt;&lt;/tr&gt;&lt;tr&gt;&lt;td colspan="3"&gt;&lt;a href="selenium-screenshot-43.png"&gt;&lt;img src="selenium-screenshot-43.png" width="800px"&gt;&lt;/a&gt;</msg>
<status status="PASS" starttime="20210213 18:52:33.453" endtime="20210213 18:52:34.982"></status>
</kw>
<kw name="Close Browser" library="SeleniumLibrary">
<doc>Closes the current browser.</doc>
<status status="PASS" starttime="20210213 18:52:34.983" endtime="20210213 18:52:44.783"></status>
</kw>
<status status="PASS" starttime="20210213 18:52:33.453" endtime="20210213 18:52:44.784"></status>
</kw>
<status status="PASS" starttime="20210213 18:51:22.570" endtime="20210213 18:52:44.785" critical="yes"></status>
</test>
<test id="s1-t2" name="Senha inválida">
<kw name="Nova sessão" library="base" type="setup">
<kw name="Open Browser" library="SeleniumLibrary">
<doc>Opens a new browser instance to the optional ``url``.</doc>
<arguments>
<arg>${url}</arg>
<arg>chrome</arg>
</arguments>
<msg timestamp="20210213 18:52:44.845" level="INFO">Opening browser 'chrome' to base url 'http://training-wheels-protocol.herokuapp.com'.</msg>
<status status="PASS" starttime="20210213 18:52:44.841" endtime="20210213 18:53:01.472"></status>
</kw>
<kw name="Maximize Browser Window" library="SeleniumLibrary">
<doc>Maximizes current browser window.</doc>
<status status="PASS" starttime="20210213 18:53:01.473" endtime="20210213 18:53:02.018"></status>
</kw>
<status status="PASS" starttime="20210213 18:52:44.839" endtime="20210213 18:53:02.019"></status>
</kw>
<kw name="Go To" library="SeleniumLibrary">
<doc>Navigates the current browser window to the provided ``url``.</doc>
<arguments>
<arg>${url}/login</arg>
</arguments>
<msg timestamp="20210213 18:53:02.025" level="INFO">Opening url 'http://training-wheels-protocol.herokuapp.com/login'</msg>
<status status="PASS" starttime="20210213 18:53:02.024" endtime="20210213 18:53:04.436"></status>
</kw>
<kw name="Login With">
<arguments>
<arg>stark</arg>
<arg>abc123</arg>
</arguments>
<kw name="Input Text" library="SeleniumLibrary">
<doc>Types the given ``text`` into the text field identified by ``locator``.</doc>
<arguments>
<arg>css:input[name=username]</arg>
<arg>${uname}</arg>
</arguments>
<msg timestamp="20210213 18:53:04.440" level="INFO">Typing text 'stark' into text field 'css:input[name=username]'.</msg>
<status status="PASS" starttime="20210213 18:53:04.439" endtime="20210213 18:53:05.195"></status>
</kw>
<kw name="Input Text" library="SeleniumLibrary">
<doc>Types the given ``text`` into the text field identified by ``locator``.</doc>
<arguments>
<arg>css:input[name=password]</arg>
<arg>${pass}</arg>
</arguments>
<msg timestamp="20210213 18:53:05.197" level="INFO">Typing text 'abc123' into text field 'css:input[name=password]'.</msg>
<status status="PASS" starttime="20210213 18:53:05.195" endtime="20210213 18:53:05.797"></status>
</kw>
<kw name="Click Element" library="SeleniumLibrary">
<doc>Click the element identified by ``locator``.</doc>
<arguments>
<arg>class:btn-login</arg>
</arguments>
<msg timestamp="20210213 18:53:05.798" level="INFO">Clicking element 'class:btn-login'.</msg>
<status status="PASS" starttime="20210213 18:53:05.797" endtime="20210213 18:53:08.242"></status>
</kw>
<status status="PASS" starttime="20210213 18:53:04.437" endtime="20210213 18:53:08.243"></status>
</kw>
<kw name="Should Contain Login Alert">
<arguments>
<arg>Senha é invalida!</arg>
</arguments>
<kw name="Get WebElement" library="SeleniumLibrary">
<doc>Returns the first WebElement matching the given ``locator``.</doc>
<arguments>
<arg>id:flash</arg>
</arguments>
<assign>
<var>${message}</var>
</assign>
<msg timestamp="20210213 18:53:08.315" level="INFO">${message} = &lt;selenium.webdriver.remote.webelement.WebElement (session="558e1617f562fa4f096af7d0ab4b7ef0", element="95eb9b50-290f-4cef-b933-ce05b69cf896")&gt;</msg>
<status status="PASS" starttime="20210213 18:53:08.247" endtime="20210213 18:53:08.315"></status>
</kw>
<kw name="Should Contain" library="BuiltIn">
<doc>Fails if ``container`` does not contain ``item`` one or more times.</doc>
<arguments>
<arg>${message.text}</arg>
<arg>${expect_message}</arg>
</arguments>
<status status="PASS" starttime="20210213 18:53:08.316" endtime="20210213 18:53:08.434"></status>
</kw>
<status status="PASS" starttime="20210213 18:53:08.245" endtime="20210213 18:53:08.492"></status>
</kw>
<kw name="Encerra sessão" library="base" type="teardown">
<kw name="Capture Page Screenshot" library="SeleniumLibrary">
<doc>Takes a screenshot of the current page and embeds it into a log file.</doc>
<msg timestamp="20210213 18:53:10.104" level="INFO" html="yes">&lt;/td&gt;&lt;/tr&gt;&lt;tr&gt;&lt;td colspan="3"&gt;&lt;a href="selenium-screenshot-44.png"&gt;&lt;img src="selenium-screenshot-44.png" width="800px"&gt;&lt;/a&gt;</msg>
<status status="PASS" starttime="20210213 18:53:08.495" endtime="20210213 18:53:10.105"></status>
</kw>
<kw name="Close Browser" library="SeleniumLibrary">
<doc>Closes the current browser.</doc>
<status status="PASS" starttime="20210213 18:53:10.105" endtime="20210213 18:53:15.532"></status>
</kw>
<status status="PASS" starttime="20210213 18:53:08.494" endtime="20210213 18:53:15.533"></status>
</kw>
<tags>
<tag>login_error</tag>
</tags>
<status status="PASS" starttime="20210213 18:52:44.835" endtime="20210213 18:53:15.534" critical="yes"></status>
</test>
<test id="s1-t3" name="Usuário não existe">
<kw name="Nova sessão" library="base" type="setup">
<kw name="Open Browser" library="SeleniumLibrary">
<doc>Opens a new browser instance to the optional ``url``.</doc>
<arguments>
<arg>${url}</arg>
<arg>chrome</arg>
</arguments>
<msg timestamp="20210213 18:53:15.542" level="INFO">Opening browser 'chrome' to base url 'http://training-wheels-protocol.herokuapp.com'.</msg>
<status status="PASS" starttime="20210213 18:53:15.541" endtime="20210213 18:53:25.224"></status>
</kw>
<kw name="Maximize Browser Window" library="SeleniumLibrary">
<doc>Maximizes current browser window.</doc>
<status status="PASS" starttime="20210213 18:53:25.225" endtime="20210213 18:53:25.450"></status>
</kw>
<status status="PASS" starttime="20210213 18:53:15.540" endtime="20210213 18:53:25.451"></status>
</kw>
<kw name="Go To" library="SeleniumLibrary">
<doc>Navigates the current browser window to the provided ``url``.</doc>
<arguments>
<arg>${url}/login</arg>
</arguments>
<msg timestamp="20210213 18:53:25.453" level="INFO">Opening url 'http://training-wheels-protocol.herokuapp.com/login'</msg>
<status status="PASS" starttime="20210213 18:53:25.452" endtime="20210213 18:53:28.861"></status>
</kw>
<kw name="Login With">
<arguments>
<arg>dikson</arg>
<arg>123456</arg>
</arguments>
<kw name="Input Text" library="SeleniumLibrary">
<doc>Types the given ``text`` into the text field identified by ``locator``.</doc>
<arguments>
<arg>css:input[name=username]</arg>
<arg>${uname}</arg>
</arguments>
<msg timestamp="20210213 18:53:28.868" level="INFO">Typing text 'dikson' into text field 'css:input[name=username]'.</msg>
<status status="PASS" starttime="20210213 18:53:28.866" endtime="20210213 18:53:29.631"></status>
</kw>
<kw name="Input Text" library="SeleniumLibrary">
<doc>Types the given ``text`` into the text field identified by ``locator``.</doc>
<arguments>
<arg>css:input[name=password]</arg>
<arg>${pass}</arg>
</arguments>
<msg timestamp="20210213 18:53:29.633" level="INFO">Typing text '123456' into text field 'css:input[name=password]'.</msg>
<status status="PASS" starttime="20210213 18:53:29.632" endtime="20210213 18:53:30.300"></status>
</kw>
<kw name="Click Element" library="SeleniumLibrary">
<doc>Click the element identified by ``locator``.</doc>
<arguments>
<arg>class:btn-login</arg>
</arguments>
<msg timestamp="20210213 18:53:30.301" level="INFO">Clicking element 'class:btn-login'.</msg>
<status status="PASS" starttime="20210213 18:53:30.300" endtime="20210213 18:53:32.364"></status>
</kw>
<status status="PASS" starttime="20210213 18:53:28.863" endtime="20210213 18:53:32.365"></status>
</kw>
<kw name="Should Contain Login Alert">
<arguments>
<arg>O usuário informado não está cadastrado!</arg>
</arguments>
<kw name="Get WebElement" library="SeleniumLibrary">
<doc>Returns the first WebElement matching the given ``locator``.</doc>
<arguments>
<arg>id:flash</arg>
</arguments>
<assign>
<var>${message}</var>
</assign>
<msg timestamp="20210213 18:53:32.468" level="INFO">${message} = &lt;selenium.webdriver.remote.webelement.WebElement (session="03af8f752b0c263f42e044d078183248", element="c6904051-9eaa-4070-bfa2-40a36e8814e6")&gt;</msg>
<status status="PASS" starttime="20210213 18:53:32.373" endtime="20210213 18:53:32.468"></status>
</kw>
<kw name="Should Contain" library="BuiltIn">
<doc>Fails if ``container`` does not contain ``item`` one or more times.</doc>
<arguments>
<arg>${message.text}</arg>
<arg>${expect_message}</arg>
</arguments>
<status status="PASS" starttime="20210213 18:53:32.469" endtime="20210213 18:53:32.556"></status>
</kw>
<status status="PASS" starttime="20210213 18:53:32.371" endtime="20210213 18:53:32.556"></status>
</kw>
<kw name="Encerra sessão" library="base" type="teardown">
<kw name="Capture Page Screenshot" library="SeleniumLibrary">
<doc>Takes a screenshot of the current page and embeds it into a log file.</doc>
<msg timestamp="20210213 18:53:33.524" level="INFO" html="yes">&lt;/td&gt;&lt;/tr&gt;&lt;tr&gt;&lt;td colspan="3"&gt;&lt;a href="selenium-screenshot-45.png"&gt;&lt;img src="selenium-screenshot-45.png" width="800px"&gt;&lt;/a&gt;</msg>
<status status="PASS" starttime="20210213 18:53:32.558" endtime="20210213 18:53:33.525"></status>
</kw>
<kw name="Close Browser" library="SeleniumLibrary">
<doc>Closes the current browser.</doc>
<status status="PASS" starttime="20210213 18:53:33.526" endtime="20210213 18:53:38.598"></status>
</kw>
<status status="PASS" starttime="20210213 18:53:32.557" endtime="20210213 18:53:38.599"></status>
</kw>
<tags>
<tag>login_user404</tag>
</tags>
<status status="PASS" starttime="20210213 18:53:15.537" endtime="20210213 18:53:38.600" critical="yes"></status>
</test>
<status status="PASS" starttime="20210213 18:51:21.088" endtime="20210213 18:53:38.606"></status>
</suite>
<statistics>
<total>
<stat pass="3" fail="0">Critical Tests</stat>
<stat pass="3" fail="0">All Tests</stat>
</total>
<tag>
<stat pass="1" fail="0">login_error</stat>
<stat pass="1" fail="0">login_user404</stat>
</tag>
<suite>
<stat pass="3" fail="0" id="s1" name="Login Form">Login Form</stat>
</suite>
</statistics>
<errors>
</errors>
</robot>
