<?xml version="1.0" encoding="UTF-8"?>
<robot generator="Robot 3.2.2 (Python 3.9.1 on win32)" generated="20210211 18:46:18.183" rpa="false">
<suite id="s1" name="Test" source="c:\qaninja\robot\test.robot">
<test id="s1-t1" name="Deve retornar mensagem de boas vindas">
<kw name="Welcome" library="app">
<arguments>
<arg>Dikson</arg>
</arguments>
<assign>
<var>${result}</var>
</assign>
<msg timestamp="20210211 18:46:18.338" level="INFO">${result} = Olá Dikson, bem vindo ao Curso básico de Robot Framework!</msg>
<status status="PASS" starttime="20210211 18:46:18.336" endtime="20210211 18:46:18.338"></status>
</kw>
<kw name="Should Be Equal" library="BuiltIn">
<doc>Fails if the given objects are unequal.</doc>
<arguments>
<arg>${result}</arg>
<arg>Olá Dikson, bem vindo ao Curso básico de Robot Framework!</arg>
</arguments>
<status status="PASS" starttime="20210211 18:46:18.340" endtime="20210211 18:46:18.343"></status>
</kw>
<status status="PASS" starttime="20210211 18:46:18.333" endtime="20210211 18:46:18.346" critical="yes"></status>
</test>
<status status="PASS" starttime="20210211 18:46:18.193" endtime="20210211 18:46:18.354"></status>
</suite>
<statistics>
<total>
<stat pass="1" fail="0">Critical Tests</stat>
<stat pass="1" fail="0">All Tests</stat>
</total>
<tag>
</tag>
<suite>
<stat pass="1" fail="0" id="s1" name="Test">Test</stat>
</suite>
</statistics>
<errors>
</errors>
</robot>
